<?xml version="1.0" encoding="UTF-8"?>
<!-- Generated by org.testng.reporters.JUnitReportReporter -->
<testsuite hostname="linuxlaptop" failures="0" tests="14" name="com.github.lindenb.jvarkit.util.vcf.AFExtractorFactoryTest" time="0.041" errors="0" timestamp="14 Apr 2021 10:33:07 GMT" skipped="0">
  <testcase classname="com.github.lindenb.jvarkit.util.vcf.AFExtractorFactoryTest" name="test01" time="0.000"/>
  <testcase classname="com.github.lindenb.jvarkit.util.vcf.AFExtractorFactoryTest" name="test01" time="0.000"/>
  <testcase classname="com.github.lindenb.jvarkit.util.vcf.AFExtractorFactoryTest" name="test01" time="0.000"/>
  <testcase classname="com.github.lindenb.jvarkit.util.vcf.AFExtractorFactoryTest" name="testValid" time="0.003"/>
  <testcase classname="com.github.lindenb.jvarkit.util.vcf.AFExtractorFactoryTest" name="testValid" time="0.005"/>
  <testcase classname="com.github.lindenb.jvarkit.util.vcf.AFExtractorFactoryTest" name="testValid" time="0.005"/>
  <testcase classname="com.github.lindenb.jvarkit.util.vcf.AFExtractorFactoryTest" name="testValid" time="0.014"/>
  <testcase classname="com.github.lindenb.jvarkit.util.vcf.AFExtractorFactoryTest" name="testValid" time="0.003"/>
  <testcase classname="com.github.lindenb.jvarkit.util.vcf.AFExtractorFactoryTest" name="test01" time="0.000"/>
  <testcase classname="com.github.lindenb.jvarkit.util.vcf.AFExtractorFactoryTest" name="test01" time="0.000"/>
  <testcase classname="com.github.lindenb.jvarkit.util.vcf.AFExtractorFactoryTest" name="testValid" time="0.008"/>
  <testcase classname="com.github.lindenb.jvarkit.util.vcf.AFExtractorFactoryTest" name="test01" time="0.000"/>
  <testcase classname="com.github.lindenb.jvarkit.util.vcf.AFExtractorFactoryTest" name="testValid" time="0.002"/>
  <testcase classname="com.github.lindenb.jvarkit.util.vcf.AFExtractorFactoryTest" name="test01" time="0.001"/>
</testsuite> <!-- com.github.lindenb.jvarkit.util.vcf.AFExtractorFactoryTest -->
