<?xml version="1.0" encoding="UTF-8"?>
<!-- Generated by org.testng.reporters.JUnitReportReporter -->
<testsuite hostname="linuxlaptop" failures="0" tests="13" name="com.github.lindenb.jvarkit.lang.CharSplitterTest" time="0.001" errors="0" timestamp="14 Apr 2021 10:33:07 GMT" skipped="0">
  <testcase classname="com.github.lindenb.jvarkit.lang.CharSplitterTest" name="testStringList01" time="0.000"/>
  <testcase classname="com.github.lindenb.jvarkit.lang.CharSplitterTest" name="testStringStream" time="0.000"/>
  <testcase classname="com.github.lindenb.jvarkit.lang.CharSplitterTest" name="testStringList03" time="0.000"/>
  <testcase classname="com.github.lindenb.jvarkit.lang.CharSplitterTest" name="testStringArray02" time="0.000"/>
  <testcase classname="com.github.lindenb.jvarkit.lang.CharSplitterTest" name="testStringIterator" time="0.000"/>
  <testcase classname="com.github.lindenb.jvarkit.lang.CharSplitterTest" name="testStringArray01" time="0.000"/>
  <testcase classname="com.github.lindenb.jvarkit.lang.CharSplitterTest" name="testCount" time="0.000"/>
  <testcase classname="com.github.lindenb.jvarkit.lang.CharSplitterTest" name="testStringList02" time="0.000"/>
  <testcase classname="com.github.lindenb.jvarkit.lang.CharSplitterTest" name="testSequenceList03" time="0.001"/>
  <testcase classname="com.github.lindenb.jvarkit.lang.CharSplitterTest" name="testCharSequenceIterator" time="0.000"/>
  <testcase classname="com.github.lindenb.jvarkit.lang.CharSplitterTest" name="testSequenceList01" time="0.000"/>
  <testcase classname="com.github.lindenb.jvarkit.lang.CharSplitterTest" name="testStringArray03" time="0.000"/>
  <testcase classname="com.github.lindenb.jvarkit.lang.CharSplitterTest" name="testSequenceList02" time="0.000"/>
</testsuite> <!-- com.github.lindenb.jvarkit.lang.CharSplitterTest -->
