<?xml version="1.0" encoding="UTF-8"?>
<!-- Generated by org.testng.reporters.JUnitReportReporter -->
<testsuite hostname="linuxlaptop" failures="0" tests="4" name="com.github.lindenb.jvarkit.util.vcf.VCFUtilsTest" time="0.006" errors="0" timestamp="14 Apr 2021 10:33:07 GMT" skipped="0">
  <testcase classname="com.github.lindenb.jvarkit.util.vcf.VCFUtilsTest" name="testIsAVcf" time="0.001"/>
  <testcase classname="com.github.lindenb.jvarkit.util.vcf.VCFUtilsTest" name="test02" time="0.001"/>
  <testcase classname="com.github.lindenb.jvarkit.util.vcf.VCFUtilsTest" name="test03" time="0.002"/>
  <testcase classname="com.github.lindenb.jvarkit.util.vcf.VCFUtilsTest" name="test01" time="0.002"/>
</testsuite> <!-- com.github.lindenb.jvarkit.util.vcf.VCFUtilsTest -->
