<?xml version="1.0" encoding="UTF-8"?>
<!-- Generated by org.testng.reporters.JUnitReportReporter -->
<testsuite hostname="linuxlaptop" failures="0" tests="24" name="com.github.lindenb.jvarkit.tools.sam4weblogo.SAM4WebLogoTest" time="1.157" errors="0" timestamp="14 Apr 2021 10:33:07 GMT" skipped="0">
  <testcase classname="com.github.lindenb.jvarkit.tools.sam4weblogo.SAM4WebLogoTest" name="testClip" time="0.023"/>
  <testcase classname="com.github.lindenb.jvarkit.tools.sam4weblogo.SAM4WebLogoTest" name="testClip" time="0.003"/>
  <testcase classname="com.github.lindenb.jvarkit.tools.sam4weblogo.SAM4WebLogoTest" name="testFastq" time="0.010"/>
  <testcase classname="com.github.lindenb.jvarkit.tools.sam4weblogo.SAM4WebLogoTest" name="testFastq" time="0.057"/>
  <testcase classname="com.github.lindenb.jvarkit.tools.sam4weblogo.SAM4WebLogoTest" name="testClip" time="0.079"/>
  <testcase classname="com.github.lindenb.jvarkit.tools.sam4weblogo.SAM4WebLogoTest" name="testNoClip" time="0.008"/>
  <testcase classname="com.github.lindenb.jvarkit.tools.sam4weblogo.SAM4WebLogoTest" name="testFastq" time="0.064"/>
  <testcase classname="com.github.lindenb.jvarkit.tools.sam4weblogo.SAM4WebLogoTest" name="testNoClip" time="0.015"/>
  <testcase classname="com.github.lindenb.jvarkit.tools.sam4weblogo.SAM4WebLogoTest" name="testNoClip" time="0.045"/>
  <testcase classname="com.github.lindenb.jvarkit.tools.sam4weblogo.SAM4WebLogoTest" name="testFastq" time="0.013"/>
  <testcase classname="com.github.lindenb.jvarkit.tools.sam4weblogo.SAM4WebLogoTest" name="testNoClip" time="0.051"/>
  <testcase classname="com.github.lindenb.jvarkit.tools.sam4weblogo.SAM4WebLogoTest" name="testNoClip" time="0.044"/>
  <testcase classname="com.github.lindenb.jvarkit.tools.sam4weblogo.SAM4WebLogoTest" name="testNoClip" time="0.038"/>
  <testcase classname="com.github.lindenb.jvarkit.tools.sam4weblogo.SAM4WebLogoTest" name="testNoClip" time="0.047"/>
  <testcase classname="com.github.lindenb.jvarkit.tools.sam4weblogo.SAM4WebLogoTest" name="testClip" time="0.107"/>
  <testcase classname="com.github.lindenb.jvarkit.tools.sam4weblogo.SAM4WebLogoTest" name="testClip" time="0.177"/>
  <testcase classname="com.github.lindenb.jvarkit.tools.sam4weblogo.SAM4WebLogoTest" name="testFastq" time="0.080"/>
  <testcase classname="com.github.lindenb.jvarkit.tools.sam4weblogo.SAM4WebLogoTest" name="testFastq" time="0.040"/>
  <testcase classname="com.github.lindenb.jvarkit.tools.sam4weblogo.SAM4WebLogoTest" name="testFastq" time="0.058"/>
  <testcase classname="com.github.lindenb.jvarkit.tools.sam4weblogo.SAM4WebLogoTest" name="testFastq" time="0.001"/>
  <testcase classname="com.github.lindenb.jvarkit.tools.sam4weblogo.SAM4WebLogoTest" name="testClip" time="0.083"/>
  <testcase classname="com.github.lindenb.jvarkit.tools.sam4weblogo.SAM4WebLogoTest" name="testClip" time="0.094"/>
  <testcase classname="com.github.lindenb.jvarkit.tools.sam4weblogo.SAM4WebLogoTest" name="testClip" time="0.019"/>
  <testcase classname="com.github.lindenb.jvarkit.tools.sam4weblogo.SAM4WebLogoTest" name="testNoClip" time="0.001"/>
</testsuite> <!-- com.github.lindenb.jvarkit.tools.sam4weblogo.SAM4WebLogoTest -->
