<?xml version="1.0" encoding="UTF-8"?>
<!-- Generated by org.testng.reporters.JUnitReportReporter -->
<testsuite hostname="linuxlaptop" failures="0" tests="5" name="com.github.lindenb.jvarkit.tools.vcftrios.DeNovoDetectorTest" time="0.004" errors="0" timestamp="14 Apr 2021 10:33:07 GMT" skipped="0">
  <testcase classname="com.github.lindenb.jvarkit.tools.vcftrios.DeNovoDetectorTest" name="test03" time="0.001"/>
  <testcase classname="com.github.lindenb.jvarkit.tools.vcftrios.DeNovoDetectorTest" name="test01" time="0.003"/>
  <testcase classname="com.github.lindenb.jvarkit.tools.vcftrios.DeNovoDetectorTest" name="test02" time="0.000"/>
  <testcase classname="com.github.lindenb.jvarkit.tools.vcftrios.DeNovoDetectorTest" name="test04" time="0.000"/>
  <testcase classname="com.github.lindenb.jvarkit.tools.vcftrios.DeNovoDetectorTest" name="test05" time="0.000"/>
</testsuite> <!-- com.github.lindenb.jvarkit.tools.vcftrios.DeNovoDetectorTest -->
