<?xml version="1.0" encoding="UTF-8"?>
<!-- Generated by org.testng.reporters.JUnitReportReporter -->
<testsuite hostname="linuxlaptop" failures="0" tests="1" name="com.github.lindenb.jvarkit.util.bio.fasta.ContigNameConverterTest" time="0.023" errors="0" timestamp="14 Apr 2021 10:33:07 GMT" skipped="0">
  <testcase classname="com.github.lindenb.jvarkit.util.bio.fasta.ContigNameConverterTest" name="testFromOneDictionary" time="0.023"/>
</testsuite> <!-- com.github.lindenb.jvarkit.util.bio.fasta.ContigNameConverterTest -->
