<?xml version="1.0" encoding="UTF-8"?>
<!-- Generated by org.testng.reporters.JUnitReportReporter -->
<testsuite hostname="linuxlaptop" failures="0" tests="11" name="com.github.lindenb.jvarkit.util.log.ProgressFactoryTest" time="0.154" errors="0" timestamp="14 Apr 2021 10:33:07 GMT" skipped="0">
  <testcase classname="com.github.lindenb.jvarkit.util.log.ProgressFactoryTest" name="test02" time="0.004"/>
  <testcase classname="com.github.lindenb.jvarkit.util.log.ProgressFactoryTest" name="testBam01" time="0.060"/>
  <testcase classname="com.github.lindenb.jvarkit.util.log.ProgressFactoryTest" name="testBam01" time="0.010"/>
  <testcase classname="com.github.lindenb.jvarkit.util.log.ProgressFactoryTest" name="test01" time="0.023"/>
  <testcase classname="com.github.lindenb.jvarkit.util.log.ProgressFactoryTest" name="testBam01" time="0.007"/>
  <testcase classname="com.github.lindenb.jvarkit.util.log.ProgressFactoryTest" name="testBam01" time="0.022"/>
  <testcase classname="com.github.lindenb.jvarkit.util.log.ProgressFactoryTest" name="testBam01" time="0.007"/>
  <testcase classname="com.github.lindenb.jvarkit.util.log.ProgressFactoryTest" name="testBam01" time="0.009"/>
  <testcase classname="com.github.lindenb.jvarkit.util.log.ProgressFactoryTest" name="testBam01" time="0.001"/>
  <testcase classname="com.github.lindenb.jvarkit.util.log.ProgressFactoryTest" name="testBam01" time="0.004"/>
  <testcase classname="com.github.lindenb.jvarkit.util.log.ProgressFactoryTest" name="testBam01" time="0.007"/>
</testsuite> <!-- com.github.lindenb.jvarkit.util.log.ProgressFactoryTest -->
