<?xml version="1.0" encoding="UTF-8"?>
<!-- Generated by org.testng.reporters.JUnitReportReporter -->
<testsuite hostname="linuxlaptop" failures="0" tests="5" name="com.github.lindenb.jvarkit.io.IOUtilsTest" time="0.368" errors="0" timestamp="14 Apr 2021 10:33:07 GMT" skipped="0">
  <testcase classname="com.github.lindenb.jvarkit.io.IOUtilsTest" name="testFileSuffix" time="0.000"/>
  <testcase classname="com.github.lindenb.jvarkit.io.IOUtilsTest" name="testWrite" time="0.008"/>
  <testcase classname="com.github.lindenb.jvarkit.io.IOUtilsTest" name="testCompressed" time="0.000"/>
  <testcase classname="com.github.lindenb.jvarkit.io.IOUtilsTest" name="testRemoteReader" time="0.049"/>
  <testcase classname="com.github.lindenb.jvarkit.io.IOUtilsTest" name="testRemoteInputStream" time="0.311"/>
</testsuite> <!-- com.github.lindenb.jvarkit.io.IOUtilsTest -->
