<?xml version="1.0" encoding="UTF-8"?>
<!-- Generated by org.testng.reporters.JUnitReportReporter -->
<testsuite hostname="linuxlaptop" failures="0" tests="1" name="com.github.lindenb.jvarkit.lang.AbstractCharSequenceTest" time="0.003" errors="0" timestamp="14 Apr 2021 10:33:07 GMT" skipped="0">
  <testcase classname="com.github.lindenb.jvarkit.lang.AbstractCharSequenceTest" name="testCharSeq" time="0.003"/>
</testsuite> <!-- com.github.lindenb.jvarkit.lang.AbstractCharSequenceTest -->
