<?xml version="1.0" encoding="UTF-8"?>
<!-- Generated by org.testng.reporters.JUnitReportReporter -->
<testsuite hostname="linuxlaptop" failures="0" tests="4" name="com.github.lindenb.jvarkit.util.iterator.EqualRangeIteratorTest" time="0.002" errors="0" timestamp="14 Apr 2021 10:33:07 GMT" skipped="0">
  <testcase classname="com.github.lindenb.jvarkit.util.iterator.EqualRangeIteratorTest" name="test1" time="0.001"/>
  <testcase classname="com.github.lindenb.jvarkit.util.iterator.EqualRangeIteratorTest" name="test2" time="0.000"/>
  <testcase classname="com.github.lindenb.jvarkit.util.iterator.EqualRangeIteratorTest" name="testNextTarget" time="0.000"/>
  <testcase classname="com.github.lindenb.jvarkit.util.iterator.EqualRangeIteratorTest" name="test3" time="0.001"/>
</testsuite> <!-- com.github.lindenb.jvarkit.util.iterator.EqualRangeIteratorTest -->
